[2019-03-23 16:10:43] INFO [main: CodeCraft-2019.py, 21] car_path is ../config_11/car.txt
[2019-03-23 16:10:43] INFO [main: CodeCraft-2019.py, 22] road_path is ../config_11/road.txt
[2019-03-23 16:10:43] INFO [main: CodeCraft-2019.py, 23] cross_path is ../config_11/cross.txt
[2019-03-23 16:10:43] INFO [main: CodeCraft-2019.py, 24] answer_path is ../config_11/answer.txt
[2019-03-23 16:25:06] INFO [main: CodeCraft-2019.py, 35] car_path is ../config_11/car.txt
[2019-03-23 16:25:06] INFO [main: CodeCraft-2019.py, 36] road_path is ../config_11/road.txt
[2019-03-23 16:25:06] INFO [main: CodeCraft-2019.py, 37] cross_path is ../config_11/cross.txt
[2019-03-23 16:25:06] INFO [main: CodeCraft-2019.py, 38] answer_path is ../config_11/answer.txt
[2019-03-23 16:25:52] INFO [main: CodeCraft-2019.py, 80] car_path is ../config_11/car.txt
[2019-03-23 16:25:52] INFO [main: CodeCraft-2019.py, 81] road_path is ../config_11/road.txt
[2019-03-23 16:25:52] INFO [main: CodeCraft-2019.py, 82] cross_path is ../config_11/cross.txt
[2019-03-23 16:25:52] INFO [main: CodeCraft-2019.py, 83] answer_path is ../config_11/answer.txt
[2019-03-23 17:26:09] INFO [main: CodeCraft-2019.py, 81] car_path is ../config/car.txt
[2019-03-23 17:26:09] INFO [main: CodeCraft-2019.py, 82] road_path is ../config/road.txt
[2019-03-23 17:26:09] INFO [main: CodeCraft-2019.py, 83] cross_path is ../config/cross.txt
[2019-03-23 17:26:09] INFO [main: CodeCraft-2019.py, 84] answer_path is ../config/answer.txt
[2019-03-23 17:27:25] INFO [main: CodeCraft-2019.py, 80] car_path is ../config/car.txt
[2019-03-23 17:27:25] INFO [main: CodeCraft-2019.py, 81] road_path is ../config/road.txt
[2019-03-23 17:27:25] INFO [main: CodeCraft-2019.py, 82] cross_path is ../config/cross.txt
[2019-03-23 17:27:25] INFO [main: CodeCraft-2019.py, 83] answer_path is ../config/answer.txt
[2019-03-24 10:05:02] INFO [main: CodeCraft-2019.py, 82] car_path is ../config/car.txt
[2019-03-24 10:05:02] INFO [main: CodeCraft-2019.py, 83] road_path is ../config/road.txt
[2019-03-24 10:05:02] INFO [main: CodeCraft-2019.py, 84] cross_path is ../config/cross.txt
[2019-03-24 10:05:02] INFO [main: CodeCraft-2019.py, 85] answer_path is ../config/answer.txt
[2019-03-24 10:05:40] INFO [main: CodeCraft-2019.py, 81] car_path is ../config/car.txt
[2019-03-24 10:05:40] INFO [main: CodeCraft-2019.py, 82] road_path is ../config/road.txt
[2019-03-24 10:05:40] INFO [main: CodeCraft-2019.py, 83] cross_path is ../config/cross.txt
[2019-03-24 10:05:40] INFO [main: CodeCraft-2019.py, 84] answer_path is ../config/answer.txt
[2019-03-24 11:22:18] INFO [main: CodeCraft-2019.py, 84] car_path is ../config_10/car.txt
[2019-03-24 11:22:18] INFO [main: CodeCraft-2019.py, 85] road_path is ../config_10/road.txt
[2019-03-24 11:22:18] INFO [main: CodeCraft-2019.py, 86] cross_path is ../config_10/cross.txt
[2019-03-24 11:22:18] INFO [main: CodeCraft-2019.py, 87] answer_path is ../config_10/answer.txt
[2019-03-24 11:27:29] INFO [main: CodeCraft-2019.py, 83] car_path is ../config_10/car.txt
[2019-03-24 11:27:29] INFO [main: CodeCraft-2019.py, 84] road_path is ../config_10/road.txt
[2019-03-24 11:27:29] INFO [main: CodeCraft-2019.py, 85] cross_path is ../config_10/cross.txt
[2019-03-24 11:27:29] INFO [main: CodeCraft-2019.py, 86] answer_path is ../config_10/answer.txt
